============================================
ERRO: Falha ao abrir navegador
Timestamp: 20260610_154951
Ambiente: AMAZON
URL: https://www.amazon.com.br
Produto: Apple iphone 16 plus rosa
Mensagem: 
#############################################################
#                                                           #
#  RF-Browser dependencies not found in installation path!  #
#           Run `rfbrowser init` to install.                #
#                                                           #
#############################################################
Installation path: /home/matheusalves/Área de Trabalho/prova_tecnica/.venv/lib/python3.10/site-packages/Browser/wrapper
============================================

============================================
ERRO: Falha ao abrir navegador
Timestamp: 20260610_154951
Ambiente: MERCADOLIVRE
URL: https://www.mercadolivre.com.br
Produto: nitendo switch lite azul
Mensagem: 
#############################################################
#                                                           #
#  RF-Browser dependencies not found in installation path!  #
#           Run `rfbrowser init` to install.                #
#                                                           #
#############################################################
Installation path: /home/matheusalves/Área de Trabalho/prova_tecnica/.venv/lib/python3.10/site-packages/Browser/wrapper
============================================

============================================
ERRO: Falha ao abrir navegador
Timestamp: 20260610_154951
Ambiente: CASASBAHIA
URL: https://www.casasbahia.com.br/
Produto: tv samsung 50
Mensagem: 
#############################################################
#                                                           #
#  RF-Browser dependencies not found in installation path!  #
#           Run `rfbrowser init` to install.                #
#                                                           #
#############################################################
Installation path: /home/matheusalves/Área de Trabalho/prova_tecnica/.venv/lib/python3.10/site-packages/Browser/wrapper
============================================

============================================
ERRO: Falha ao abrir navegador
Timestamp: 20260610_154951
Ambiente: AMAZON
URL: https://www.amazon.com.br
Produto: Apple iphone 16 plus rosa
Mensagem: 
#############################################################
#                                                           #
#  RF-Browser dependencies not found in installation path!  #
#           Run `rfbrowser init` to install.                #
#                                                           #
#############################################################
Installation path: /home/matheusalves/Área de Trabalho/prova_tecnica/.venv/lib/python3.10/site-packages/Browser/wrapper
============================================

============================================
ERRO: Falha ao abrir navegador
Timestamp: 20260610_154951
Ambiente: CASASBAHIA
URL: https://www.casasbahia.com.br/
Produto: tv samsung 50
Mensagem: 
#############################################################
#                                                           #
#  RF-Browser dependencies not found in installation path!  #
#           Run `rfbrowser init` to install.                #
#                                                           #
#############################################################
Installation path: /home/matheusalves/Área de Trabalho/prova_tecnica/.venv/lib/python3.10/site-packages/Browser/wrapper
============================================

============================================
ERRO: Falha ao abrir navegador
Timestamp: 20260610_154951
Ambiente: MERCADOLIVRE
URL: https://www.mercadolivre.com.br
Produto: nitendo switch lite azul
Mensagem: 
#############################################################
#                                                           #
#  RF-Browser dependencies not found in installation path!  #
#           Run `rfbrowser init` to install.                #
#                                                           #
#############################################################
Installation path: /home/matheusalves/Área de Trabalho/prova_tecnica/.venv/lib/python3.10/site-packages/Browser/wrapper
============================================

============================================
ERRO: Falha ao abrir navegador
Timestamp: 20260610_154952
Ambiente: AMAZON
URL: https://www.amazon.com.br
Produto: Apple iphone 16 plus rosa
Mensagem: 
#############################################################
#                                                           #
#  RF-Browser dependencies not found in installation path!  #
#           Run `rfbrowser init` to install.                #
#                                                           #
#############################################################
Installation path: /home/matheusalves/Área de Trabalho/prova_tecnica/.venv/lib/python3.10/site-packages/Browser/wrapper
============================================

============================================
ERRO: Falha ao abrir navegador
Timestamp: 20260610_154952
Ambiente: MERCADOLIVRE
URL: https://www.mercadolivre.com.br
Produto: nitendo switch lite azul
Mensagem: 
#############################################################
#                                                           #
#  RF-Browser dependencies not found in installation path!  #
#           Run `rfbrowser init` to install.                #
#                                                           #
#############################################################
Installation path: /home/matheusalves/Área de Trabalho/prova_tecnica/.venv/lib/python3.10/site-packages/Browser/wrapper
============================================

============================================
ERRO: Falha ao abrir navegador
Timestamp: 20260610_154952
Ambiente: CASASBAHIA
URL: https://www.casasbahia.com.br/
Produto: tv samsung 50
Mensagem: 
#############################################################
#                                                           #
#  RF-Browser dependencies not found in installation path!  #
#           Run `rfbrowser init` to install.                #
#                                                           #
#############################################################
Installation path: /home/matheusalves/Área de Trabalho/prova_tecnica/.venv/lib/python3.10/site-packages/Browser/wrapper
============================================

============================================
ERRO: Falha ao abrir navegador
Timestamp: 20260610_155245
Ambiente: AMAZON
URL: https://www.amazon.com.br
Produto: Apple iphone 16 plus rosa
Mensagem: 
#############################################################
#                                                           #
#  RF-Browser dependencies not found in installation path!  #
#           Run `rfbrowser init` to install.                #
#                                                           #
#############################################################
Installation path: /home/matheusalves/Área de Trabalho/prova_tecnica/.venv/lib/python3.10/site-packages/Browser/wrapper
============================================

============================================
ERRO: Falha ao abrir navegador
Timestamp: 20260610_155245
Ambiente: AMAZON
URL: https://www.amazon.com.br
Produto: Apple iphone 16 plus rosa
Mensagem: 
#############################################################
#                                                           #
#  RF-Browser dependencies not found in installation path!  #
#           Run `rfbrowser init` to install.                #
#                                                           #
#############################################################
Installation path: /home/matheusalves/Área de Trabalho/prova_tecnica/.venv/lib/python3.10/site-packages/Browser/wrapper
============================================

============================================
ERRO: Falha ao abrir navegador
Timestamp: 20260610_155245
Ambiente: AMAZON
URL: https://www.amazon.com.br
Produto: Apple iphone 16 plus rosa
Mensagem: 
#############################################################
#                                                           #
#  RF-Browser dependencies not found in installation path!  #
#           Run `rfbrowser init` to install.                #
#                                                           #
#############################################################
Installation path: /home/matheusalves/Área de Trabalho/prova_tecnica/.venv/lib/python3.10/site-packages/Browser/wrapper
============================================

============================================
ERRO: Falha ao abrir navegador
Timestamp: 20260610_155342
Ambiente: MERCADOLIVRE
URL: https://www.mercadolivre.com.br
Produto: nitendo switch lite azul
Mensagem: 
#############################################################
#                                                           #
#  RF-Browser dependencies not found in installation path!  #
#           Run `rfbrowser init` to install.                #
#                                                           #
#############################################################
Installation path: /home/matheusalves/Área de Trabalho/prova_tecnica/.venv/lib/python3.10/site-packages/Browser/wrapper
============================================

============================================
ERRO: Falha ao abrir navegador
Timestamp: 20260610_155342
Ambiente: MERCADOLIVRE
URL: https://www.mercadolivre.com.br
Produto: nitendo switch lite azul
Mensagem: 
#############################################################
#                                                           #
#  RF-Browser dependencies not found in installation path!  #
#           Run `rfbrowser init` to install.                #
#                                                           #
#############################################################
Installation path: /home/matheusalves/Área de Trabalho/prova_tecnica/.venv/lib/python3.10/site-packages/Browser/wrapper
============================================

============================================
ERRO: Falha ao abrir navegador
Timestamp: 20260610_155343
Ambiente: MERCADOLIVRE
URL: https://www.mercadolivre.com.br
Produto: nitendo switch lite azul
Mensagem: 
#############################################################
#                                                           #
#  RF-Browser dependencies not found in installation path!  #
#           Run `rfbrowser init` to install.                #
#                                                           #
#############################################################
Installation path: /home/matheusalves/Área de Trabalho/prova_tecnica/.venv/lib/python3.10/site-packages/Browser/wrapper
============================================

============================================
ERRO: Falha ao abrir navegador
Timestamp: 20260610_155732
Ambiente: MERCADOLIVRE
URL: https://www.mercadolivre.com.br
Produto: nitendo switch lite azul
Mensagem: 
#############################################################
#                                                           #
#  RF-Browser dependencies not found in installation path!  #
#           Run `rfbrowser init` to install.                #
#                                                           #
#############################################################
Installation path: /home/matheusalves/Área de Trabalho/prova_tecnica/.venv/lib/python3.10/site-packages/Browser/wrapper
============================================

============================================
ERRO: Falha ao abrir navegador
Timestamp: 20260610_155732
Ambiente: MERCADOLIVRE
URL: https://www.mercadolivre.com.br
Produto: nitendo switch lite azul
Mensagem: 
#############################################################
#                                                           #
#  RF-Browser dependencies not found in installation path!  #
#           Run `rfbrowser init` to install.                #
#                                                           #
#############################################################
Installation path: /home/matheusalves/Área de Trabalho/prova_tecnica/.venv/lib/python3.10/site-packages/Browser/wrapper
============================================

============================================
ERRO: Falha ao abrir navegador
Timestamp: 20260610_155732
Ambiente: MERCADOLIVRE
URL: https://www.mercadolivre.com.br
Produto: nitendo switch lite azul
Mensagem: 
#############################################################
#                                                           #
#  RF-Browser dependencies not found in installation path!  #
#           Run `rfbrowser init` to install.                #
#                                                           #
#############################################################
Installation path: /home/matheusalves/Área de Trabalho/prova_tecnica/.venv/lib/python3.10/site-packages/Browser/wrapper
============================================

============================================
ERRO: Falha ao abrir navegador
Timestamp: 20260610_155925
Ambiente: CASASBAHIA
URL: https://www.casasbahia.com.br/
Produto: tv samsung 50
Mensagem: 
#############################################################
#                                                           #
#  RF-Browser dependencies not found in installation path!  #
#           Run `rfbrowser init` to install.                #
#                                                           #
#############################################################
Installation path: /home/matheusalves/Área de Trabalho/prova_tecnica/.venv/lib/python3.10/site-packages/Browser/wrapper
============================================

============================================
ERRO: Falha ao abrir navegador
Timestamp: 20260610_155925
Ambiente: MERCADOLIVRE
URL: https://www.mercadolivre.com.br
Produto: nitendo switch lite azul
Mensagem: 
#############################################################
#                                                           #
#  RF-Browser dependencies not found in installation path!  #
#           Run `rfbrowser init` to install.                #
#                                                           #
#############################################################
Installation path: /home/matheusalves/Área de Trabalho/prova_tecnica/.venv/lib/python3.10/site-packages/Browser/wrapper
============================================

============================================
ERRO: Falha ao abrir navegador
Timestamp: 20260610_155925
Ambiente: AMAZON
URL: https://www.amazon.com.br
Produto: Apple iphone 16 plus rosa
Mensagem: 
#############################################################
#                                                           #
#  RF-Browser dependencies not found in installation path!  #
#           Run `rfbrowser init` to install.                #
#                                                           #
#############################################################
Installation path: /home/matheusalves/Área de Trabalho/prova_tecnica/.venv/lib/python3.10/site-packages/Browser/wrapper
============================================

============================================
ERRO: Falha ao abrir navegador
Timestamp: 20260610_155926
Ambiente: CASASBAHIA
URL: https://www.casasbahia.com.br/
Produto: tv samsung 50
Mensagem: 
#############################################################
#                                                           #
#  RF-Browser dependencies not found in installation path!  #
#           Run `rfbrowser init` to install.                #
#                                                           #
#############################################################
Installation path: /home/matheusalves/Área de Trabalho/prova_tecnica/.venv/lib/python3.10/site-packages/Browser/wrapper
============================================

============================================
ERRO: Falha ao abrir navegador
Timestamp: 20260610_155926
Ambiente: MERCADOLIVRE
URL: https://www.mercadolivre.com.br
Produto: nitendo switch lite azul
Mensagem: 
#############################################################
#                                                           #
#  RF-Browser dependencies not found in installation path!  #
#           Run `rfbrowser init` to install.                #
#                                                           #
#############################################################
Installation path: /home/matheusalves/Área de Trabalho/prova_tecnica/.venv/lib/python3.10/site-packages/Browser/wrapper
============================================

============================================
ERRO: Falha ao abrir navegador
Timestamp: 20260610_155926
Ambiente: AMAZON
URL: https://www.amazon.com.br
Produto: Apple iphone 16 plus rosa
Mensagem: 
#############################################################
#                                                           #
#  RF-Browser dependencies not found in installation path!  #
#           Run `rfbrowser init` to install.                #
#                                                           #
#############################################################
Installation path: /home/matheusalves/Área de Trabalho/prova_tecnica/.venv/lib/python3.10/site-packages/Browser/wrapper
============================================

============================================
ERRO: Falha ao abrir navegador
Timestamp: 20260610_155926
Ambiente: CASASBAHIA
URL: https://www.casasbahia.com.br/
Produto: tv samsung 50
Mensagem: 
#############################################################
#                                                           #
#  RF-Browser dependencies not found in installation path!  #
#           Run `rfbrowser init` to install.                #
#                                                           #
#############################################################
Installation path: /home/matheusalves/Área de Trabalho/prova_tecnica/.venv/lib/python3.10/site-packages/Browser/wrapper
============================================

============================================
ERRO: Falha ao abrir navegador
Timestamp: 20260610_155926
Ambiente: MERCADOLIVRE
URL: https://www.mercadolivre.com.br
Produto: nitendo switch lite azul
Mensagem: 
#############################################################
#                                                           #
#  RF-Browser dependencies not found in installation path!  #
#           Run `rfbrowser init` to install.                #
#                                                           #
#############################################################
Installation path: /home/matheusalves/Área de Trabalho/prova_tecnica/.venv/lib/python3.10/site-packages/Browser/wrapper
============================================

============================================
ERRO: Falha ao abrir navegador
Timestamp: 20260610_155926
Ambiente: AMAZON
URL: https://www.amazon.com.br
Produto: Apple iphone 16 plus rosa
Mensagem: 
#############################################################
#                                                           #
#  RF-Browser dependencies not found in installation path!  #
#           Run `rfbrowser init` to install.                #
#                                                           #
#############################################################
Installation path: /home/matheusalves/Área de Trabalho/prova_tecnica/.venv/lib/python3.10/site-packages/Browser/wrapper
============================================

